d:\vmk\uni\c++\tronma\tronma\x64\release\vc143.pdb
d:\vmk\uni\c++\tronma\tronma\x64\release\scenemenu.obj
d:\vmk\uni\c++\tronma\tronma\x64\release\scenemain.obj
d:\vmk\uni\c++\tronma\tronma\x64\release\scene.obj
d:\vmk\uni\c++\tronma\tronma\x64\release\player.obj
d:\vmk\uni\c++\tronma\tronma\x64\release\op.obj
d:\vmk\uni\c++\tronma\tronma\x64\release\movesprint.obj
d:\vmk\uni\c++\tronma\tronma\x64\release\movefall.obj
d:\vmk\uni\c++\tronma\tronma\x64\release\main.obj
d:\vmk\uni\c++\tronma\tronma\x64\release\game.obj
d:\vmk\uni\c++\tronma\tronma\x64\release\enemy4.obj
d:\vmk\uni\c++\tronma\tronma\x64\release\enemy3.obj
d:\vmk\uni\c++\tronma\tronma\x64\release\enemy2.obj
d:\vmk\uni\c++\tronma\tronma\x64\release\enemy1.obj
d:\vmk\uni\c++\tronma\tronma\x64\release\enemy.obj
d:\vmk\uni\c++\tronma\tronma\x64\release\audio.obj
d:\vmk\uni\c++\tronma\tronma\x64\release\animationplayer.obj
d:\vmk\uni\c++\tronma\tronma\x64\release\animationenemy.obj
d:\vmk\uni\c++\tronma\tronma\x64\release\animationeffect.obj
d:\vmk\uni\c++\tronma\tronma\x64\release\animationbackground.obj
d:\vmk\uni\c++\tronma\tronma\x64\release\animation.obj
d:\vmk\uni\c++\tronma\tronma\x64\release\ui.obj
d:\vmk\uni\c++\tronma\tronma\x64\release\skillteleport.obj
d:\vmk\uni\c++\tronma\tronma\x64\release\skillslow.obj
d:\vmk\uni\c++\tronma\tronma\x64\release\skillshadow.obj
d:\vmk\uni\c++\tronma\tronma\x64\release\skillmoon.obj
d:\vmk\uni\c++\tronma\tronma\x64\release\skillemp.obj
d:\vmk\uni\c++\tronma\tronma\x64\release\movejump.obj
d:\vmk\uni\c++\tronma\tronma\x64\release\skillchop.obj
d:\vmk\uni\c++\tronma\x64\release\tronma.exe
d:\vmk\uni\c++\tronma\x64\release\tronma.pdb
d:\vmk\uni\c++\tronma\tronma\x64\release\tronma.ipdb
d:\vmk\uni\c++\tronma\tronma\x64\release\tronma.iobj
d:\vmk\uni\c++\tronma\tronma\x64\release\tronma.tlog\cl.command.1.tlog
d:\vmk\uni\c++\tronma\tronma\x64\release\tronma.tlog\cl.items.tlog
d:\vmk\uni\c++\tronma\tronma\x64\release\tronma.tlog\cl.read.1.tlog
d:\vmk\uni\c++\tronma\tronma\x64\release\tronma.tlog\cl.write.1.tlog
d:\vmk\uni\c++\tronma\tronma\x64\release\tronma.tlog\link.command.1.tlog
d:\vmk\uni\c++\tronma\tronma\x64\release\tronma.tlog\link.read.1.tlog
d:\vmk\uni\c++\tronma\tronma\x64\release\tronma.tlog\link.secondary.1.tlog
d:\vmk\uni\c++\tronma\tronma\x64\release\tronma.tlog\link.write.1.tlog
