d:\vmk\uni\c++\tronma\tronma\x64\debug\vc143.pdb
d:\vmk\uni\c++\tronma\tronma\x64\debug\vc143.idb
d:\vmk\uni\c++\tronma\tronma\x64\debug\skillchop.obj
d:\vmk\uni\c++\tronma\tronma\x64\debug\scenemenu.obj
d:\vmk\uni\c++\tronma\tronma\x64\debug\scenemain.obj
d:\vmk\uni\c++\tronma\tronma\x64\debug\player.obj
d:\vmk\uni\c++\tronma\tronma\x64\debug\op.obj
d:\vmk\uni\c++\tronma\tronma\x64\debug\movesprint.obj
d:\vmk\uni\c++\tronma\tronma\x64\debug\movefall.obj
d:\vmk\uni\c++\tronma\tronma\x64\debug\main.obj
d:\vmk\uni\c++\tronma\tronma\x64\debug\game.obj
d:\vmk\uni\c++\tronma\tronma\x64\debug\enemy4.obj
d:\vmk\uni\c++\tronma\tronma\x64\debug\enemy3.obj
d:\vmk\uni\c++\tronma\tronma\x64\debug\enemy2.obj
d:\vmk\uni\c++\tronma\tronma\x64\debug\enemy1.obj
d:\vmk\uni\c++\tronma\tronma\x64\debug\audio.obj
d:\vmk\uni\c++\tronma\tronma\x64\debug\animationplayer.obj
d:\vmk\uni\c++\tronma\tronma\x64\debug\animationenemy.obj
d:\vmk\uni\c++\tronma\tronma\x64\debug\animationeffect.obj
d:\vmk\uni\c++\tronma\tronma\x64\debug\animationbackgroundmenu.obj
d:\vmk\uni\c++\tronma\tronma\x64\debug\animationbackgroundmain.obj
d:\vmk\uni\c++\tronma\tronma\x64\debug\animation.obj
d:\vmk\uni\c++\tronma\tronma\x64\debug\ui.obj
d:\vmk\uni\c++\tronma\tronma\x64\debug\movejump.obj
d:\vmk\uni\c++\tronma\tronma\x64\debug\scene.obj
d:\vmk\uni\c++\tronma\tronma\x64\debug\skillteleport.obj
d:\vmk\uni\c++\tronma\tronma\x64\debug\skillslow.obj
d:\vmk\uni\c++\tronma\tronma\x64\debug\skillemp.obj
d:\vmk\uni\c++\tronma\tronma\x64\debug\enemy.obj
d:\vmk\uni\c++\tronma\tronma\x64\debug\skillshadow.obj
d:\vmk\uni\c++\tronma\tronma\x64\debug\skillmoon.obj
d:\vmk\uni\c++\tronma\tronma\x64\debug\tronma.ilk
d:\vmk\uni\c++\tronma\x64\debug\tronma.pdb
d:\vmk\uni\c++\tronma\x64\debug\tronma.exe
d:\vmk\uni\c++\tronma\tronma\x64\debug\tronma.tlog\cl.command.1.tlog
d:\vmk\uni\c++\tronma\tronma\x64\debug\tronma.tlog\cl.items.tlog
d:\vmk\uni\c++\tronma\tronma\x64\debug\tronma.tlog\cl.read.1.tlog
d:\vmk\uni\c++\tronma\tronma\x64\debug\tronma.tlog\cl.write.1.tlog
d:\vmk\uni\c++\tronma\tronma\x64\debug\tronma.tlog\link.command.1.tlog
d:\vmk\uni\c++\tronma\tronma\x64\debug\tronma.tlog\link.read.1.tlog
d:\vmk\uni\c++\tronma\tronma\x64\debug\tronma.tlog\link.secondary.1.tlog
d:\vmk\uni\c++\tronma\tronma\x64\debug\tronma.tlog\link.write.1.tlog
